INFO 2024-10-10 10:41:33,132 autoreload Watching for file changes with StatReloader
INFO 2024-10-10 10:43:33,446 autoreload Watching for file changes with StatReloader
INFO 2024-10-10 10:44:30,441 autoreload /usr/src/app/tournament_api/settings.py changed, reloading.
INFO 2024-10-10 10:44:30,837 autoreload Watching for file changes with StatReloader
INFO 2024-10-10 10:45:07,891 autoreload Watching for file changes with StatReloader
INFO 2024-10-10 10:48:48,941 autoreload /usr/src/app/tournament_api/settings.py changed, reloading.
INFO 2024-10-10 10:48:49,603 autoreload Watching for file changes with StatReloader
DEBUG 2024-10-10 10:49:02,516 user_views Received login request for user: aitor
WARNING 2024-10-10 10:49:03,114 user_views Invalid login attempt for user: aitor
WARNING 2024-10-10 10:49:03,115 log Bad Request: /api/users/login/
DEBUG 2024-10-10 10:49:35,187 user_views Received login request for user: aitor
INFO 2024-10-10 10:49:35,674 user_views User aitor logged in successfully
DEBUG 2024-10-10 10:50:10,133 user_views Received login request for user: aitor
INFO 2024-10-10 10:50:10,619 user_views User aitor logged in successfully
DEBUG 2024-10-10 10:50:28,559 user_views Received login request for user: aitor
INFO 2024-10-10 10:50:29,064 user_views User aitor logged in successfully
DEBUG 2024-10-10 10:51:06,142 resource Dispatching token_type Bearer request to <oauthlib.oauth2.rfc6749.tokens.BearerToken object at 0x78ea795fd140>.
WARNING 2024-10-10 10:51:06,172 log Unauthorized: /api/friends/get_friends_wait/
DEBUG 2024-10-10 10:51:06,229 resource Dispatching token_type Bearer request to <oauthlib.oauth2.rfc6749.tokens.BearerToken object at 0x78ea795fd140>.
WARNING 2024-10-10 10:51:06,243 log Unauthorized: /api/friends/get_friends_wait/
